[2025-11-09 17:24:10,970] INFO django.utils.autoreload autoreload.run_with_reloader | Watching for file changes with StatReloader
[2025-11-09 17:24:10,970] INFO django.utils.autoreload autoreload.run_with_reloader | Watching for file changes with StatReloader
[2025-11-09 17:24:35,882] INFO django.server basehttp.log_message | "GET /categorydetails/ HTTP/1.1" 200 87985
[2025-11-09 17:24:35,882] INFO django.server basehttp.log_message | "GET /categorydetails/ HTTP/1.1" 200 87985
[2025-11-09 17:24:42,417] INFO django.server basehttp.log_message | "GET /productdetails/13/ HTTP/1.1" 200 106407
[2025-11-09 17:24:42,417] INFO django.server basehttp.log_message | "GET /productdetails/13/ HTTP/1.1" 200 106407
[2025-11-09 17:24:43,882] INFO django.server basehttp.log_message | "GET /wallet/ HTTP/1.1" 200 28650
[2025-11-09 17:24:43,882] INFO django.server basehttp.log_message | "GET /wallet/ HTTP/1.1" 200 28650
[2025-11-09 17:24:51,367] INFO django.server basehttp.log_message | "GET /wallet/ HTTP/1.1" 200 28650
[2025-11-09 17:24:51,367] INFO django.server basehttp.log_message | "GET /wallet/ HTTP/1.1" 200 28650
[2025-11-09 17:24:51,745] INFO django.server basehttp.log_message | "GET /wishlist/ HTTP/1.1" 200 27483
[2025-11-09 17:24:51,745] INFO django.server basehttp.log_message | "GET /wishlist/ HTTP/1.1" 200 27483
[2025-11-09 17:25:14,996] INFO django.server basehttp.log_message | "GET /logoutuser/ HTTP/1.1" 302 0
[2025-11-09 17:25:14,996] INFO django.server basehttp.log_message | "GET /logoutuser/ HTTP/1.1" 302 0
[2025-11-09 17:25:15,062] INFO django.server basehttp.log_message | "GET /login/ HTTP/1.1" 200 33340
[2025-11-09 17:25:15,062] INFO django.server basehttp.log_message | "GET /login/ HTTP/1.1" 200 33340
[2025-11-09 17:25:18,906] INFO django.server basehttp.log_message | "GET /accounts/google/login/ HTTP/1.1" 302 0
[2025-11-09 17:25:18,906] INFO django.server basehttp.log_message | "GET /accounts/google/login/ HTTP/1.1" 302 0
[2025-11-09 17:25:19,686] INFO django.server basehttp.log_message | "GET /accounts/google/login/callback/?state=52XF9hhy9bGpK3sr&code=4%2F0Ab32j93cVE_bJOrImSmUzZ3tgnW0mHt2yzQ3WqbIRNxUbtA_MOBJRSTlrHBumjNaOYT9Xw&scope=email+profile+https%3A%2F%2Fwww.googleapis.com%2Fauth%2Fuserinfo.email+openid+https%3A%2F%2Fwww.googleapis.com%2Fauth%2Fuserinfo.profile&authuser=0&prompt=none HTTP/1.1" 302 0
[2025-11-09 17:25:19,686] INFO django.server basehttp.log_message | "GET /accounts/google/login/callback/?state=52XF9hhy9bGpK3sr&code=4%2F0Ab32j93cVE_bJOrImSmUzZ3tgnW0mHt2yzQ3WqbIRNxUbtA_MOBJRSTlrHBumjNaOYT9Xw&scope=email+profile+https%3A%2F%2Fwww.googleapis.com%2Fauth%2Fuserinfo.email+openid+https%3A%2F%2Fwww.googleapis.com%2Fauth%2Fuserinfo.profile&authuser=0&prompt=none HTTP/1.1" 302 0
[2025-11-09 17:25:19,799] INFO django.server basehttp.log_message | "GET / HTTP/1.1" 200 85996
[2025-11-09 17:25:19,799] INFO django.server basehttp.log_message | "GET / HTTP/1.1" 200 85996
[2025-11-09 17:25:37,846] INFO django.utils.autoreload autoreload.trigger_reload | D:\broto\week-9-13\Brat.MensClothing\bratmensclothing\bratmensclothing\settings.py changed, reloading.
[2025-11-09 17:25:37,846] INFO django.utils.autoreload autoreload.trigger_reload | D:\broto\week-9-13\Brat.MensClothing\bratmensclothing\bratmensclothing\settings.py changed, reloading.
[2025-11-09 17:25:39,602] INFO django.utils.autoreload autoreload.run_with_reloader | Watching for file changes with StatReloader
[2025-11-09 17:25:39,602] INFO django.utils.autoreload autoreload.run_with_reloader | Watching for file changes with StatReloader
[2025-11-09 17:25:44,761] INFO django.utils.autoreload autoreload.trigger_reload | D:\broto\week-9-13\Brat.MensClothing\bratmensclothing\bratmensclothing\settings.py changed, reloading.
[2025-11-09 17:25:44,761] INFO django.utils.autoreload autoreload.trigger_reload | D:\broto\week-9-13\Brat.MensClothing\bratmensclothing\bratmensclothing\settings.py changed, reloading.
[2025-11-09 17:25:46,477] INFO django.utils.autoreload autoreload.run_with_reloader | Watching for file changes with StatReloader
[2025-11-09 17:25:46,477] INFO django.utils.autoreload autoreload.run_with_reloader | Watching for file changes with StatReloader
[2025-11-09 17:26:07,928] INFO django.server basehttp.log_message | "GET /categorydetails/ HTTP/1.1" 200 87985
[2025-11-09 17:26:07,928] INFO django.server basehttp.log_message | "GET /categorydetails/ HTTP/1.1" 200 87985
[2025-11-09 17:26:08,818] INFO django.server basehttp.log_message | "GET /categorydetails/ HTTP/1.1" 200 87985
[2025-11-09 17:26:08,818] INFO django.server basehttp.log_message | "GET /categorydetails/ HTTP/1.1" 200 87985
[2025-11-09 17:26:09,556] INFO django.server basehttp.log_message | "GET /productdetails/9/ HTTP/1.1" 200 108819
[2025-11-09 17:26:09,556] INFO django.server basehttp.log_message | "GET /productdetails/9/ HTTP/1.1" 200 108819
[2025-11-09 17:26:13,632] INFO django.server basehttp.log_message | "POST /cart/add/30/ HTTP/1.1" 302 0
[2025-11-09 17:26:13,632] INFO django.server basehttp.log_message | "POST /cart/add/30/ HTTP/1.1" 302 0
[2025-11-09 17:26:13,711] INFO django.server basehttp.log_message | "GET /cart/ HTTP/1.1" 200 49916
[2025-11-09 17:26:13,711] INFO django.server basehttp.log_message | "GET /cart/ HTTP/1.1" 200 49916
[2025-11-09 17:26:15,159] INFO django.server basehttp.log_message | "GET /categorydetails/ HTTP/1.1" 200 87985
[2025-11-09 17:26:15,159] INFO django.server basehttp.log_message | "GET /categorydetails/ HTTP/1.1" 200 87985
[2025-11-09 17:26:16,027] INFO django.server basehttp.log_message | "GET /productdetails/13/ HTTP/1.1" 200 106407
[2025-11-09 17:26:16,027] INFO django.server basehttp.log_message | "GET /productdetails/13/ HTTP/1.1" 200 106407
[2025-11-09 17:26:18,543] INFO django.server basehttp.log_message | "POST /cart/add/59/ HTTP/1.1" 302 0
[2025-11-09 17:26:18,543] INFO django.server basehttp.log_message | "POST /cart/add/59/ HTTP/1.1" 302 0
[2025-11-09 17:26:18,631] INFO django.server basehttp.log_message | "GET /cart/ HTTP/1.1" 200 53568
[2025-11-09 17:26:18,631] INFO django.server basehttp.log_message | "GET /cart/ HTTP/1.1" 200 53568
[2025-11-09 17:26:19,831] INFO django.server basehttp.log_message | "GET /wallet/ HTTP/1.1" 200 28650
[2025-11-09 17:26:19,831] INFO django.server basehttp.log_message | "GET /wallet/ HTTP/1.1" 200 28650
[2025-11-09 17:26:21,611] INFO django.server basehttp.log_message | "GET /categorydetails/ HTTP/1.1" 200 87985
[2025-11-09 17:26:21,611] INFO django.server basehttp.log_message | "GET /categorydetails/ HTTP/1.1" 200 87985
[2025-11-09 17:26:22,938] INFO django.server basehttp.log_message | "GET /cart/ HTTP/1.1" 200 52632
[2025-11-09 17:26:22,938] INFO django.server basehttp.log_message | "GET /cart/ HTTP/1.1" 200 52632
[2025-11-09 17:26:24,324] INFO django.server basehttp.log_message | "GET /checkout/ HTTP/1.1" 200 51879
[2025-11-09 17:26:24,324] INFO django.server basehttp.log_message | "GET /checkout/ HTTP/1.1" 200 51879
[2025-11-09 17:26:29,354] INFO django.server basehttp.log_message | "POST /place-order/ HTTP/1.1" 302 0
[2025-11-09 17:26:29,354] INFO django.server basehttp.log_message | "POST /place-order/ HTTP/1.1" 302 0
[2025-11-09 17:26:29,407] INFO django.server basehttp.log_message | "GET /order_success/ HTTP/1.1" 200 26962
[2025-11-09 17:26:29,407] INFO django.server basehttp.log_message | "GET /order_success/ HTTP/1.1" 200 26962
[2025-11-09 17:26:30,285] INFO django.server basehttp.log_message | "GET /view_orders/ HTTP/1.1" 200 43882
[2025-11-09 17:26:30,285] INFO django.server basehttp.log_message | "GET /view_orders/ HTTP/1.1" 200 43882
[2025-11-09 17:26:31,697] INFO django.server basehttp.log_message | "GET /logoutuser/ HTTP/1.1" 302 0
[2025-11-09 17:26:31,697] INFO django.server basehttp.log_message | "GET /logoutuser/ HTTP/1.1" 302 0
[2025-11-09 17:26:31,762] INFO django.server basehttp.log_message | "GET /login/ HTTP/1.1" 200 33340
[2025-11-09 17:26:31,762] INFO django.server basehttp.log_message | "GET /login/ HTTP/1.1" 200 33340
[2025-11-09 17:26:33,442] INFO django.server basehttp.log_message | "GET /login/ HTTP/1.1" 200 33340
[2025-11-09 17:26:33,442] INFO django.server basehttp.log_message | "GET /login/ HTTP/1.1" 200 33340
[2025-11-09 17:26:35,529] INFO django.server basehttp.log_message | "GET /accounts/google/login/ HTTP/1.1" 302 0
[2025-11-09 17:26:35,529] INFO django.server basehttp.log_message | "GET /accounts/google/login/ HTTP/1.1" 302 0
[2025-11-09 17:26:36,221] INFO django.server basehttp.log_message | "GET /accounts/google/login/callback/?state=tjS2Sn6A3FwU4cwF&code=4%2F0Ab32j91nIrK7jlUWPPgrX_eCUAfuTvxDMYGb7MA3wGh3iv4p0HwWfa8rG77GcFcHV2_hrw&scope=email+profile+https%3A%2F%2Fwww.googleapis.com%2Fauth%2Fuserinfo.profile+https%3A%2F%2Fwww.googleapis.com%2Fauth%2Fuserinfo.email+openid&authuser=0&prompt=none HTTP/1.1" 302 0
[2025-11-09 17:26:36,221] INFO django.server basehttp.log_message | "GET /accounts/google/login/callback/?state=tjS2Sn6A3FwU4cwF&code=4%2F0Ab32j91nIrK7jlUWPPgrX_eCUAfuTvxDMYGb7MA3wGh3iv4p0HwWfa8rG77GcFcHV2_hrw&scope=email+profile+https%3A%2F%2Fwww.googleapis.com%2Fauth%2Fuserinfo.profile+https%3A%2F%2Fwww.googleapis.com%2Fauth%2Fuserinfo.email+openid&authuser=0&prompt=none HTTP/1.1" 302 0
[2025-11-09 17:26:36,329] INFO django.server basehttp.log_message | "GET / HTTP/1.1" 200 85996
[2025-11-09 17:26:36,329] INFO django.server basehttp.log_message | "GET / HTTP/1.1" 200 85996
[2025-11-09 17:26:38,441] INFO django.server basehttp.log_message | "GET /wallet/ HTTP/1.1" 200 28644
[2025-11-09 17:26:38,441] INFO django.server basehttp.log_message | "GET /wallet/ HTTP/1.1" 200 28644
[2025-11-09 17:26:42,089] INFO django.server basehttp.log_message | "GET /accountdetails/133 HTTP/1.1" 200 35394
[2025-11-09 17:26:42,089] INFO django.server basehttp.log_message | "GET /accountdetails/133 HTTP/1.1" 200 35394
[2025-11-09 17:26:43,261] INFO django.server basehttp.log_message | "GET /view_orders/ HTTP/1.1" 200 43882
[2025-11-09 17:26:43,261] INFO django.server basehttp.log_message | "GET /view_orders/ HTTP/1.1" 200 43882
[2025-11-09 17:26:45,751] INFO django.server basehttp.log_message | "GET /manage_orders/497 HTTP/1.1" 200 41489
[2025-11-09 17:26:45,751] INFO django.server basehttp.log_message | "GET /manage_orders/497 HTTP/1.1" 200 41489
[2025-11-09 17:26:47,694] INFO django.server basehttp.log_message | "GET /cancel_order/497 HTTP/1.1" 302 0
[2025-11-09 17:26:47,694] INFO django.server basehttp.log_message | "GET /cancel_order/497 HTTP/1.1" 302 0
[2025-11-09 17:26:47,763] INFO django.server basehttp.log_message | "GET /view_orders/ HTTP/1.1" 200 44837
[2025-11-09 17:26:47,763] INFO django.server basehttp.log_message | "GET /view_orders/ HTTP/1.1" 200 44837
[2025-11-09 17:26:49,505] INFO django.server basehttp.log_message | "GET /manage_orders/497 HTTP/1.1" 200 40916
[2025-11-09 17:26:49,505] INFO django.server basehttp.log_message | "GET /manage_orders/497 HTTP/1.1" 200 40916
[2025-11-09 17:26:51,492] INFO django.server basehttp.log_message | "GET /wallet/ HTTP/1.1" 200 28626
[2025-11-09 17:26:51,492] INFO django.server basehttp.log_message | "GET /wallet/ HTTP/1.1" 200 28626
[2025-11-09 17:27:11,190] INFO django.server basehttp.log_message | "GET /categorydetails/ HTTP/1.1" 200 87985
[2025-11-09 17:27:11,190] INFO django.server basehttp.log_message | "GET /categorydetails/ HTTP/1.1" 200 87985
[2025-11-09 17:27:13,156] INFO django.server basehttp.log_message | "GET /wallet/ HTTP/1.1" 200 28626
[2025-11-09 17:27:13,156] INFO django.server basehttp.log_message | "GET /wallet/ HTTP/1.1" 200 28626
[2025-11-09 17:27:50,625] INFO django.utils.autoreload autoreload.trigger_reload | D:\broto\week-9-13\Brat.MensClothing\bratmensclothing\wallet\views.py changed, reloading.
[2025-11-09 17:27:50,625] INFO django.utils.autoreload autoreload.trigger_reload | D:\broto\week-9-13\Brat.MensClothing\bratmensclothing\wallet\views.py changed, reloading.
[2025-11-09 17:27:52,255] INFO django.utils.autoreload autoreload.run_with_reloader | Watching for file changes with StatReloader
[2025-11-09 17:27:52,255] INFO django.utils.autoreload autoreload.run_with_reloader | Watching for file changes with StatReloader
[2025-11-09 17:27:54,462] INFO django.utils.autoreload autoreload.trigger_reload | D:\broto\week-9-13\Brat.MensClothing\bratmensclothing\wallet\views.py changed, reloading.
[2025-11-09 17:27:54,462] INFO django.utils.autoreload autoreload.trigger_reload | D:\broto\week-9-13\Brat.MensClothing\bratmensclothing\wallet\views.py changed, reloading.
[2025-11-09 17:27:56,117] INFO django.utils.autoreload autoreload.run_with_reloader | Watching for file changes with StatReloader
[2025-11-09 17:27:56,117] INFO django.utils.autoreload autoreload.run_with_reloader | Watching for file changes with StatReloader
[2025-11-09 17:28:00,321] INFO django.utils.autoreload autoreload.trigger_reload | D:\broto\week-9-13\Brat.MensClothing\bratmensclothing\wallet\views.py changed, reloading.
[2025-11-09 17:28:00,321] INFO django.utils.autoreload autoreload.trigger_reload | D:\broto\week-9-13\Brat.MensClothing\bratmensclothing\wallet\views.py changed, reloading.
[2025-11-09 17:28:02,058] INFO django.utils.autoreload autoreload.run_with_reloader | Watching for file changes with StatReloader
[2025-11-09 17:28:02,058] INFO django.utils.autoreload autoreload.run_with_reloader | Watching for file changes with StatReloader
[2025-11-09 17:28:05,065] INFO django.utils.autoreload autoreload.trigger_reload | D:\broto\week-9-13\Brat.MensClothing\bratmensclothing\wallet\views.py changed, reloading.
[2025-11-09 17:28:05,065] INFO django.utils.autoreload autoreload.trigger_reload | D:\broto\week-9-13\Brat.MensClothing\bratmensclothing\wallet\views.py changed, reloading.
[2025-11-09 17:28:06,649] INFO django.utils.autoreload autoreload.run_with_reloader | Watching for file changes with StatReloader
[2025-11-09 17:28:06,649] INFO django.utils.autoreload autoreload.run_with_reloader | Watching for file changes with StatReloader
[2025-11-09 17:28:09,705] INFO django.utils.autoreload autoreload.trigger_reload | D:\broto\week-9-13\Brat.MensClothing\bratmensclothing\wallet\views.py changed, reloading.
[2025-11-09 17:28:09,705] INFO django.utils.autoreload autoreload.trigger_reload | D:\broto\week-9-13\Brat.MensClothing\bratmensclothing\wallet\views.py changed, reloading.
[2025-11-09 17:28:11,266] INFO django.utils.autoreload autoreload.run_with_reloader | Watching for file changes with StatReloader
[2025-11-09 17:28:11,266] INFO django.utils.autoreload autoreload.run_with_reloader | Watching for file changes with StatReloader
[2025-11-09 17:28:14,391] INFO django.server basehttp.log_message | "GET /categorydetails/ HTTP/1.1" 200 87985
[2025-11-09 17:28:14,391] INFO django.server basehttp.log_message | "GET /categorydetails/ HTTP/1.1" 200 87985
[2025-11-09 17:28:15,335] INFO django.server basehttp.log_message | "GET /wallet/ HTTP/1.1" 200 28626
[2025-11-09 17:28:15,335] INFO django.server basehttp.log_message | "GET /wallet/ HTTP/1.1" 200 28626
[2025-11-09 17:28:30,765] INFO django.utils.autoreload autoreload.trigger_reload | D:\broto\week-9-13\Brat.MensClothing\bratmensclothing\wallet\views.py changed, reloading.
[2025-11-09 17:28:30,765] INFO django.utils.autoreload autoreload.trigger_reload | D:\broto\week-9-13\Brat.MensClothing\bratmensclothing\wallet\views.py changed, reloading.
[2025-11-09 17:28:32,468] INFO django.utils.autoreload autoreload.run_with_reloader | Watching for file changes with StatReloader
[2025-11-09 17:28:32,468] INFO django.utils.autoreload autoreload.run_with_reloader | Watching for file changes with StatReloader
[2025-11-09 17:28:33,952] INFO django.server basehttp.log_message | "GET /wallet/ HTTP/1.1" 200 28626
[2025-11-09 17:28:33,952] INFO django.server basehttp.log_message | "GET /wallet/ HTTP/1.1" 200 28626
[2025-11-09 17:28:40,127] INFO django.utils.autoreload autoreload.trigger_reload | D:\broto\week-9-13\Brat.MensClothing\bratmensclothing\wallet\views.py changed, reloading.
[2025-11-09 17:28:40,127] INFO django.utils.autoreload autoreload.trigger_reload | D:\broto\week-9-13\Brat.MensClothing\bratmensclothing\wallet\views.py changed, reloading.
[2025-11-09 17:28:41,722] INFO django.utils.autoreload autoreload.run_with_reloader | Watching for file changes with StatReloader
[2025-11-09 17:28:41,722] INFO django.utils.autoreload autoreload.run_with_reloader | Watching for file changes with StatReloader
[2025-11-09 17:28:44,675] INFO django.utils.autoreload autoreload.trigger_reload | D:\broto\week-9-13\Brat.MensClothing\bratmensclothing\wallet\views.py changed, reloading.
[2025-11-09 17:28:44,675] INFO django.utils.autoreload autoreload.trigger_reload | D:\broto\week-9-13\Brat.MensClothing\bratmensclothing\wallet\views.py changed, reloading.
[2025-11-09 17:28:46,306] INFO django.utils.autoreload autoreload.run_with_reloader | Watching for file changes with StatReloader
[2025-11-09 17:28:46,306] INFO django.utils.autoreload autoreload.run_with_reloader | Watching for file changes with StatReloader
[2025-11-09 17:28:49,280] INFO django.utils.autoreload autoreload.trigger_reload | D:\broto\week-9-13\Brat.MensClothing\bratmensclothing\wallet\views.py changed, reloading.
[2025-11-09 17:28:49,280] INFO django.utils.autoreload autoreload.trigger_reload | D:\broto\week-9-13\Brat.MensClothing\bratmensclothing\wallet\views.py changed, reloading.
[2025-11-09 17:28:50,890] INFO django.utils.autoreload autoreload.run_with_reloader | Watching for file changes with StatReloader
[2025-11-09 17:28:50,890] INFO django.utils.autoreload autoreload.run_with_reloader | Watching for file changes with StatReloader
[2025-11-09 17:28:55,003] INFO django.utils.autoreload autoreload.trigger_reload | D:\broto\week-9-13\Brat.MensClothing\bratmensclothing\wallet\views.py changed, reloading.
[2025-11-09 17:28:55,003] INFO django.utils.autoreload autoreload.trigger_reload | D:\broto\week-9-13\Brat.MensClothing\bratmensclothing\wallet\views.py changed, reloading.
[2025-11-09 17:28:56,538] INFO django.utils.autoreload autoreload.run_with_reloader | Watching for file changes with StatReloader
[2025-11-09 17:28:56,538] INFO django.utils.autoreload autoreload.run_with_reloader | Watching for file changes with StatReloader
[2025-11-09 17:28:58,824] INFO django.server basehttp.log_message | "GET /wallet/ HTTP/1.1" 200 28626
[2025-11-09 17:28:58,824] INFO django.server basehttp.log_message | "GET /wallet/ HTTP/1.1" 200 28626
[2025-11-09 17:29:23,365] INFO django.utils.autoreload autoreload.run_with_reloader | Watching for file changes with StatReloader
[2025-11-09 17:29:23,365] INFO django.utils.autoreload autoreload.run_with_reloader | Watching for file changes with StatReloader
[2025-11-09 17:29:27,574] INFO django.server basehttp.log_message | "GET /wallet/ HTTP/1.1" 200 28626
[2025-11-09 17:29:27,574] INFO django.server basehttp.log_message | "GET /wallet/ HTTP/1.1" 200 28626
[2025-11-09 17:43:48,419] INFO django.utils.autoreload autoreload.trigger_reload | D:\broto\week-9-13\Brat.MensClothing\bratmensclothing\wallet\views.py changed, reloading.
[2025-11-09 17:43:48,419] INFO django.utils.autoreload autoreload.trigger_reload | D:\broto\week-9-13\Brat.MensClothing\bratmensclothing\wallet\views.py changed, reloading.
[2025-11-09 17:43:50,008] INFO django.utils.autoreload autoreload.run_with_reloader | Watching for file changes with StatReloader
[2025-11-09 17:43:50,008] INFO django.utils.autoreload autoreload.run_with_reloader | Watching for file changes with StatReloader
[2025-11-09 17:43:54,029] INFO django.utils.autoreload autoreload.trigger_reload | D:\broto\week-9-13\Brat.MensClothing\bratmensclothing\wallet\views.py changed, reloading.
[2025-11-09 17:43:54,029] INFO django.utils.autoreload autoreload.trigger_reload | D:\broto\week-9-13\Brat.MensClothing\bratmensclothing\wallet\views.py changed, reloading.
[2025-11-09 17:43:55,608] INFO django.utils.autoreload autoreload.run_with_reloader | Watching for file changes with StatReloader
[2025-11-09 17:43:55,608] INFO django.utils.autoreload autoreload.run_with_reloader | Watching for file changes with StatReloader
[2025-11-09 17:44:07,166] INFO django.utils.autoreload autoreload.trigger_reload | D:\broto\week-9-13\Brat.MensClothing\bratmensclothing\wallet\views.py changed, reloading.
[2025-11-09 17:44:07,166] INFO django.utils.autoreload autoreload.trigger_reload | D:\broto\week-9-13\Brat.MensClothing\bratmensclothing\wallet\views.py changed, reloading.
[2025-11-09 17:44:08,740] INFO django.utils.autoreload autoreload.run_with_reloader | Watching for file changes with StatReloader
[2025-11-09 17:44:08,740] INFO django.utils.autoreload autoreload.run_with_reloader | Watching for file changes with StatReloader
[2025-11-09 17:44:11,663] INFO django.utils.autoreload autoreload.trigger_reload | D:\broto\week-9-13\Brat.MensClothing\bratmensclothing\wallet\views.py changed, reloading.
[2025-11-09 17:44:11,663] INFO django.utils.autoreload autoreload.trigger_reload | D:\broto\week-9-13\Brat.MensClothing\bratmensclothing\wallet\views.py changed, reloading.
[2025-11-09 17:44:13,210] INFO django.utils.autoreload autoreload.run_with_reloader | Watching for file changes with StatReloader
[2025-11-09 17:44:13,210] INFO django.utils.autoreload autoreload.run_with_reloader | Watching for file changes with StatReloader
[2025-11-09 17:44:17,228] INFO django.utils.autoreload autoreload.trigger_reload | D:\broto\week-9-13\Brat.MensClothing\bratmensclothing\wallet\views.py changed, reloading.
[2025-11-09 17:44:17,228] INFO django.utils.autoreload autoreload.trigger_reload | D:\broto\week-9-13\Brat.MensClothing\bratmensclothing\wallet\views.py changed, reloading.
[2025-11-09 17:44:18,807] INFO django.utils.autoreload autoreload.run_with_reloader | Watching for file changes with StatReloader
[2025-11-09 17:44:18,807] INFO django.utils.autoreload autoreload.run_with_reloader | Watching for file changes with StatReloader
[2025-11-09 17:44:27,124] INFO django.utils.autoreload autoreload.trigger_reload | D:\broto\week-9-13\Brat.MensClothing\bratmensclothing\wallet\views.py changed, reloading.
[2025-11-09 17:44:27,124] INFO django.utils.autoreload autoreload.trigger_reload | D:\broto\week-9-13\Brat.MensClothing\bratmensclothing\wallet\views.py changed, reloading.
[2025-11-09 17:44:28,688] INFO django.utils.autoreload autoreload.run_with_reloader | Watching for file changes with StatReloader
[2025-11-09 17:44:28,688] INFO django.utils.autoreload autoreload.run_with_reloader | Watching for file changes with StatReloader
[2025-11-09 17:45:17,492] INFO django.server basehttp.log_message | "GET /wallet/ HTTP/1.1" 200 28626
[2025-11-09 17:45:17,492] INFO django.server basehttp.log_message | "GET /wallet/ HTTP/1.1" 200 28626
[2025-11-09 17:45:24,341] INFO django.server basehttp.log_message | "GET /categorydetails/ HTTP/1.1" 200 87985
[2025-11-09 17:45:24,341] INFO django.server basehttp.log_message | "GET /categorydetails/ HTTP/1.1" 200 87985
[2025-11-09 17:45:27,356] INFO django.server basehttp.log_message | "GET /wallet/ HTTP/1.1" 200 28626
[2025-11-09 17:45:27,356] INFO django.server basehttp.log_message | "GET /wallet/ HTTP/1.1" 200 28626
[2025-11-09 17:45:29,530] INFO django.server basehttp.log_message | "GET /wallet/?page=19 HTTP/1.1" 200 28257
[2025-11-09 17:45:29,530] INFO django.server basehttp.log_message | "GET /wallet/?page=19 HTTP/1.1" 200 28257
[2025-11-09 17:45:33,783] INFO django.server basehttp.log_message | "GET /wallet/?page=18 HTTP/1.1" 200 28781
[2025-11-09 17:45:33,783] INFO django.server basehttp.log_message | "GET /wallet/?page=18 HTTP/1.1" 200 28781
[2025-11-09 17:45:37,525] INFO django.server basehttp.log_message | "GET /wallet/?page=19 HTTP/1.1" 200 28257
[2025-11-09 17:45:37,525] INFO django.server basehttp.log_message | "GET /wallet/?page=19 HTTP/1.1" 200 28257
[2025-11-09 17:45:40,554] INFO django.server basehttp.log_message | "GET /wallet/?page=18 HTTP/1.1" 200 28781
[2025-11-09 17:45:40,554] INFO django.server basehttp.log_message | "GET /wallet/?page=18 HTTP/1.1" 200 28781
[2025-11-09 17:45:42,333] INFO django.server basehttp.log_message | "GET /wallet/?page=19 HTTP/1.1" 200 28257
[2025-11-09 17:45:42,333] INFO django.server basehttp.log_message | "GET /wallet/?page=19 HTTP/1.1" 200 28257
[2025-11-09 17:45:43,891] INFO django.server basehttp.log_message | "GET /wallet/?page=1 HTTP/1.1" 200 28626
[2025-11-09 17:45:43,891] INFO django.server basehttp.log_message | "GET /wallet/?page=1 HTTP/1.1" 200 28626
[2025-11-09 17:45:46,913] INFO django.server basehttp.log_message | "GET /wallet/?page=2 HTTP/1.1" 200 28809
[2025-11-09 17:45:46,913] INFO django.server basehttp.log_message | "GET /wallet/?page=2 HTTP/1.1" 200 28809
[2025-11-09 17:45:48,575] INFO django.server basehttp.log_message | "GET /wallet/?page=3 HTTP/1.1" 200 28844
[2025-11-09 17:45:48,575] INFO django.server basehttp.log_message | "GET /wallet/?page=3 HTTP/1.1" 200 28844
[2025-11-09 17:45:50,466] INFO django.server basehttp.log_message | "GET /wallet/?page=4 HTTP/1.1" 200 28806
[2025-11-09 17:45:50,466] INFO django.server basehttp.log_message | "GET /wallet/?page=4 HTTP/1.1" 200 28806
[2025-11-09 17:46:14,790] INFO django.utils.autoreload autoreload.trigger_reload | D:\broto\week-9-13\Brat.MensClothing\bratmensclothing\wallet\views.py changed, reloading.
[2025-11-09 17:46:14,790] INFO django.utils.autoreload autoreload.trigger_reload | D:\broto\week-9-13\Brat.MensClothing\bratmensclothing\wallet\views.py changed, reloading.
[2025-11-09 17:46:16,551] INFO django.utils.autoreload autoreload.run_with_reloader | Watching for file changes with StatReloader
[2025-11-09 17:46:16,551] INFO django.utils.autoreload autoreload.run_with_reloader | Watching for file changes with StatReloader
[2025-11-09 17:46:46,943] INFO django.utils.autoreload autoreload.trigger_reload | D:\broto\week-9-13\Brat.MensClothing\bratmensclothing\wallet\views.py changed, reloading.
[2025-11-09 17:46:46,943] INFO django.utils.autoreload autoreload.trigger_reload | D:\broto\week-9-13\Brat.MensClothing\bratmensclothing\wallet\views.py changed, reloading.
[2025-11-09 17:46:48,497] INFO django.utils.autoreload autoreload.run_with_reloader | Watching for file changes with StatReloader
[2025-11-09 17:46:48,497] INFO django.utils.autoreload autoreload.run_with_reloader | Watching for file changes with StatReloader
[2025-11-09 17:47:07,800] INFO django.utils.autoreload autoreload.trigger_reload | D:\broto\week-9-13\Brat.MensClothing\bratmensclothing\wallet\views.py changed, reloading.
[2025-11-09 17:47:07,800] INFO django.utils.autoreload autoreload.trigger_reload | D:\broto\week-9-13\Brat.MensClothing\bratmensclothing\wallet\views.py changed, reloading.
[2025-11-09 17:47:09,390] INFO django.utils.autoreload autoreload.run_with_reloader | Watching for file changes with StatReloader
[2025-11-09 17:47:09,390] INFO django.utils.autoreload autoreload.run_with_reloader | Watching for file changes with StatReloader
[2025-11-09 17:47:16,574] ERROR django.request log.log_response | Internal Server Error: /wallet/
Traceback (most recent call last):
  File "D:\broto\week-9-13\Brat.MensClothing\ecommerce_env\Lib\site-packages\django\core\handlers\exception.py", line 55, in inner
    response = get_response(request)
               ^^^^^^^^^^^^^^^^^^^^^
  File "D:\broto\week-9-13\Brat.MensClothing\ecommerce_env\Lib\site-packages\django\core\handlers\base.py", line 197, in _get_response
    response = wrapped_callback(request, *callback_args, **callback_kwargs)
               ^^^^^^^^^^^^^^^^^^^^^^^^^^^^^^^^^^^^^^^^^^^^^^^^^^^^^^^^^^^^
  File "D:\broto\week-9-13\Brat.MensClothing\ecommerce_env\Lib\site-packages\django\views\decorators\cache.py", line 80, in _view_wrapper
    response = view_func(request, *args, **kwargs)
               ^^^^^^^^^^^^^^^^^^^^^^^^^^^^^^^^^^^
  File "D:\broto\week-9-13\Brat.MensClothing\bratmensclothing\wallet\views.py", line 23, in view_wallet
    logger.debug("Wallet found | user_id=%s | wallet_id=%s | balance=%s", user.userid, user_wallet.id, user_wallet.balance)
                                                                                       ^^^^^^^^^^^^^^
AttributeError: 'Wallet' object has no attribute 'id'
[2025-11-09 17:47:16,574] ERROR django.request log.log_response | Internal Server Error: /wallet/
Traceback (most recent call last):
  File "D:\broto\week-9-13\Brat.MensClothing\ecommerce_env\Lib\site-packages\django\core\handlers\exception.py", line 55, in inner
    response = get_response(request)
               ^^^^^^^^^^^^^^^^^^^^^
  File "D:\broto\week-9-13\Brat.MensClothing\ecommerce_env\Lib\site-packages\django\core\handlers\base.py", line 197, in _get_response
    response = wrapped_callback(request, *callback_args, **callback_kwargs)
               ^^^^^^^^^^^^^^^^^^^^^^^^^^^^^^^^^^^^^^^^^^^^^^^^^^^^^^^^^^^^
  File "D:\broto\week-9-13\Brat.MensClothing\ecommerce_env\Lib\site-packages\django\views\decorators\cache.py", line 80, in _view_wrapper
    response = view_func(request, *args, **kwargs)
               ^^^^^^^^^^^^^^^^^^^^^^^^^^^^^^^^^^^
  File "D:\broto\week-9-13\Brat.MensClothing\bratmensclothing\wallet\views.py", line 23, in view_wallet
    logger.debug("Wallet found | user_id=%s | wallet_id=%s | balance=%s", user.userid, user_wallet.id, user_wallet.balance)
                                                                                       ^^^^^^^^^^^^^^
AttributeError: 'Wallet' object has no attribute 'id'
[2025-11-09 17:47:16,579] ERROR django.server basehttp.log_message | "GET /wallet/?page=4 HTTP/1.1" 500 90049
[2025-11-09 17:47:16,579] ERROR django.server basehttp.log_message | "GET /wallet/?page=4 HTTP/1.1" 500 90049
[2025-11-09 17:47:49,909] INFO django.utils.autoreload autoreload.trigger_reload | D:\broto\week-9-13\Brat.MensClothing\bratmensclothing\wallet\views.py changed, reloading.
[2025-11-09 17:47:49,909] INFO django.utils.autoreload autoreload.trigger_reload | D:\broto\week-9-13\Brat.MensClothing\bratmensclothing\wallet\views.py changed, reloading.
[2025-11-09 17:47:51,521] INFO django.utils.autoreload autoreload.run_with_reloader | Watching for file changes with StatReloader
[2025-11-09 17:47:51,521] INFO django.utils.autoreload autoreload.run_with_reloader | Watching for file changes with StatReloader
[2025-11-09 17:47:55,540] INFO django.utils.autoreload autoreload.trigger_reload | D:\broto\week-9-13\Brat.MensClothing\bratmensclothing\wallet\views.py changed, reloading.
[2025-11-09 17:47:55,540] INFO django.utils.autoreload autoreload.trigger_reload | D:\broto\week-9-13\Brat.MensClothing\bratmensclothing\wallet\views.py changed, reloading.
[2025-11-09 17:47:57,135] INFO django.utils.autoreload autoreload.run_with_reloader | Watching for file changes with StatReloader
[2025-11-09 17:47:57,135] INFO django.utils.autoreload autoreload.run_with_reloader | Watching for file changes with StatReloader
[2025-11-09 17:48:00,894] INFO django.server basehttp.log_message | "GET /wallet/?page=4 HTTP/1.1" 200 28806
[2025-11-09 17:48:00,894] INFO django.server basehttp.log_message | "GET /wallet/?page=4 HTTP/1.1" 200 28806
[2025-11-09 17:48:19,145] INFO django.utils.autoreload autoreload.trigger_reload | D:\broto\week-9-13\Brat.MensClothing\bratmensclothing\wallet\views.py changed, reloading.
[2025-11-09 17:48:19,145] INFO django.utils.autoreload autoreload.trigger_reload | D:\broto\week-9-13\Brat.MensClothing\bratmensclothing\wallet\views.py changed, reloading.
[2025-11-09 17:48:20,929] INFO django.utils.autoreload autoreload.run_with_reloader | Watching for file changes with StatReloader
[2025-11-09 17:48:20,929] INFO django.utils.autoreload autoreload.run_with_reloader | Watching for file changes with StatReloader
[2025-11-09 17:48:47,890] INFO django.utils.autoreload autoreload.trigger_reload | D:\broto\week-9-13\Brat.MensClothing\bratmensclothing\wallet\views.py changed, reloading.
[2025-11-09 17:48:47,890] INFO django.utils.autoreload autoreload.trigger_reload | D:\broto\week-9-13\Brat.MensClothing\bratmensclothing\wallet\views.py changed, reloading.
[2025-11-09 17:48:49,445] INFO django.utils.autoreload autoreload.run_with_reloader | Watching for file changes with StatReloader
[2025-11-09 17:48:49,445] INFO django.utils.autoreload autoreload.run_with_reloader | Watching for file changes with StatReloader
[2025-11-09 17:49:16,246] INFO django.utils.autoreload autoreload.trigger_reload | D:\broto\week-9-13\Brat.MensClothing\bratmensclothing\wallet\views.py changed, reloading.
[2025-11-09 17:49:16,246] INFO django.utils.autoreload autoreload.trigger_reload | D:\broto\week-9-13\Brat.MensClothing\bratmensclothing\wallet\views.py changed, reloading.
[2025-11-09 17:49:17,867] INFO django.utils.autoreload autoreload.run_with_reloader | Watching for file changes with StatReloader
[2025-11-09 17:49:17,867] INFO django.utils.autoreload autoreload.run_with_reloader | Watching for file changes with StatReloader
[2025-11-09 17:49:20,781] INFO django.utils.autoreload autoreload.trigger_reload | D:\broto\week-9-13\Brat.MensClothing\bratmensclothing\wallet\views.py changed, reloading.
[2025-11-09 17:49:20,781] INFO django.utils.autoreload autoreload.trigger_reload | D:\broto\week-9-13\Brat.MensClothing\bratmensclothing\wallet\views.py changed, reloading.
[2025-11-09 17:49:22,615] INFO django.utils.autoreload autoreload.run_with_reloader | Watching for file changes with StatReloader
[2025-11-09 17:49:22,615] INFO django.utils.autoreload autoreload.run_with_reloader | Watching for file changes with StatReloader
[2025-11-09 17:49:30,960] INFO django.utils.autoreload autoreload.trigger_reload | D:\broto\week-9-13\Brat.MensClothing\bratmensclothing\wallet\views.py changed, reloading.
[2025-11-09 17:49:30,960] INFO django.utils.autoreload autoreload.trigger_reload | D:\broto\week-9-13\Brat.MensClothing\bratmensclothing\wallet\views.py changed, reloading.
[2025-11-09 17:49:32,558] INFO django.utils.autoreload autoreload.run_with_reloader | Watching for file changes with StatReloader
[2025-11-09 17:49:32,558] INFO django.utils.autoreload autoreload.run_with_reloader | Watching for file changes with StatReloader
[2025-11-09 17:49:34,886] INFO django.server basehttp.log_message | "GET /wallet/?page=4 HTTP/1.1" 200 28806
[2025-11-09 17:49:34,886] INFO django.server basehttp.log_message | "GET /wallet/?page=4 HTTP/1.1" 200 28806
[2025-11-09 17:49:35,400] INFO django.server basehttp.log_message | "GET /wallet/?page=4 HTTP/1.1" 200 28806
[2025-11-09 17:49:35,400] INFO django.server basehttp.log_message | "GET /wallet/?page=4 HTTP/1.1" 200 28806
[2025-11-09 17:49:35,675] INFO django.server basehttp.log_message | "GET /wallet/?page=4 HTTP/1.1" 200 28806
[2025-11-09 17:49:35,675] INFO django.server basehttp.log_message | "GET /wallet/?page=4 HTTP/1.1" 200 28806
[2025-11-09 17:49:35,839] INFO django.server basehttp.log_message | "GET /wallet/?page=4 HTTP/1.1" 200 28806
[2025-11-09 17:49:35,839] INFO django.server basehttp.log_message | "GET /wallet/?page=4 HTTP/1.1" 200 28806
[2025-11-09 17:49:35,972] INFO django.server basehttp.log_message | "GET /wallet/?page=4 HTTP/1.1" 200 28806
[2025-11-09 17:49:35,972] INFO django.server basehttp.log_message | "GET /wallet/?page=4 HTTP/1.1" 200 28806
[2025-11-09 17:49:36,777] INFO django.server basehttp.log_message | "GET /categorydetails/ HTTP/1.1" 200 87985
[2025-11-09 17:49:36,777] INFO django.server basehttp.log_message | "GET /categorydetails/ HTTP/1.1" 200 87985
